<?xml version="1.0" encoding="UTF-8"?>
<testsuite xmlns:xsi="http://www.w3.org/2001/XMLSchema-instance" xsi:noNamespaceSchemaLocation="https://maven.apache.org/surefire/maven-surefire-plugin/xsd/surefire-test-report-3.0.xsd" version="3.0" name="com.mycompany.login1.TestPart3" time="0.114" tests="8" errors="0" skipped="0" failures="2">
  <properties>
[...]
</properties>
  <testcase name="testSearchByID" classname="com.mycompany.login1.TestPart3" time="0.008">
    <system-out><![CDATA[Search by ID result:
ID: 6142032611 | Hash: 61:2:WHERETIME | Recipient: +27838884567 | Message: Where are you? You are late! I have asked you to be on time.
]]></system-out>
  </testcase>
  <testcase name="testSentMessagesPopulated" classname="com.mycompany.login1.TestPart3" time="0.008">
    <system-out><![CDATA[Sent messages: [Did you get the cake?, It is dinner time!]
----Message----1----
ID: 9147703833 | Hash: 91:1:DIDCAKE | Recipient: +27834557896 | Message: Did you get the cake?

----Message----2----
ID: 5193074918 | Hash: 51:4:ITTIME | Recipient: 0838884567 | Message: It is dinner time!


]]></system-out>
  </testcase>
  <testcase name="testGetLongestMessage" classname="com.mycompany.login1.TestPart3" time="0.026">
    <failure message="Message 2 is the longest stored message. ==&gt; expected: &lt;ID: 4534124755| Hash: 45:2:WHERETIME | Recipient: +27838884567 | Message: Where are you? You are late! I have asked you to be on time.&gt; but was: &lt;ID: 4534124755 | Hash: 45:2:WHERETIME | Recipient: +27838884567 | Message: Where are you? You are late! I have asked you to be on time.&gt;" type="org.opentest4j.AssertionFailedError"><![CDATA[org.opentest4j.AssertionFailedError: Message 2 is the longest stored message. ==> expected: <ID: 4534124755| Hash: 45:2:WHERETIME | Recipient: +27838884567 | Message: Where are you? You are late! I have asked you to be on time.> but was: <ID: 4534124755 | Hash: 45:2:WHERETIME | Recipient: +27838884567 | Message: Where are you? You are late! I have asked you to be on time.>
	at org.junit.jupiter.api.AssertionFailureBuilder.build(AssertionFailureBuilder.java:151)
	at org.junit.jupiter.api.AssertionFailureBuilder.buildAndThrow(AssertionFailureBuilder.java:132)
	at org.junit.jupiter.api.AssertEquals.failNotEqual(AssertEquals.java:197)
	at org.junit.jupiter.api.AssertEquals.assertEquals(AssertEquals.java:182)
	at org.junit.jupiter.api.Assertions.assertEquals(Assertions.java:1156)
	at com.mycompany.login1.TestPart3.testGetLongestMessage(TestPart3.java:62)
	at java.base/java.lang.reflect.Method.invoke(Method.java:565)
	at java.base/java.util.ArrayList.forEach(ArrayList.java:1604)
	at java.base/java.util.ArrayList.forEach(ArrayList.java:1604)
]]></failure>
  </testcase>
  <testcase name="testDisplayReport" classname="com.mycompany.login1.TestPart3" time="0.007">
    <system-out><![CDATA[
===== STORED MESSAGE REPORT =====
Message ID: 9165058132
Hash: 91:1:DIDCAKE
Recipient: +27834557896
Message: ID: 3009086785 | Hash: 30:2:WHERETIME | Recipient: +27838884567 | Message: Where are you? You are late! I have asked you to be on time.
-----
Message ID: 3009086785
Hash: 30:2:WHERETIME
Recipient: +27838884567
Message: ID: 7632040978 | Hash: 76:5:OK,YOU | Recipient: +27838884567 | Message: Ok, I am leaving without you.
-----

]]></system-out>
  </testcase>
  <testcase name="testDisregardedMessageConfirmed" classname="com.mycompany.login1.TestPart3" time="0.007">
    <system-out><![CDATA[msg3 hash (disregarded): 73:3:YOHOOOO,GATE
]]></system-out>
  </testcase>
  <testcase name="testStoredMessagesPopulated" classname="com.mycompany.login1.TestPart3" time="0.008">
    <system-out><![CDATA[Stored messages report:

===== STORED MESSAGE REPORT =====
Message ID: 5150006666
Hash: 51:1:DIDCAKE
Recipient: +27834557896
Message: ID: 7230254222 | Hash: 72:2:WHERETIME | Recipient: +27838884567 | Message: Where are you? You are late! I have asked you to be on time.
-----
Message ID: 7230254222
Hash: 72:2:WHERETIME
Recipient: +27838884567
Message: ID: 4507723728 | Hash: 45:5:OK,YOU | Recipient: +27838884567 | Message: Ok, I am leaving without you.
-----

]]></system-out>
  </testcase>
  <testcase name="testSearchByRecipient" classname="com.mycompany.login1.TestPart3" time="0.012">
    <system-out><![CDATA[Recipient search:
ID: 5991711560 | Hash: 59:5:OK,YOU | Recipient: +27838884567 | Message: Ok, I am leaving without you.

]]></system-out>
  </testcase>
  <testcase name="testDeleteMessagesByHash" classname="com.mycompany.login1.TestPart3" time="0.011">
    <failure message="Result should confirm deletion. ==&gt; expected: &lt;true&gt; but was: &lt;false&gt;" type="org.opentest4j.AssertionFailedError"><![CDATA[org.opentest4j.AssertionFailedError: Result should confirm deletion. ==> expected: <true> but was: <false>
	at org.junit.jupiter.api.AssertionFailureBuilder.build(AssertionFailureBuilder.java:151)
	at org.junit.jupiter.api.AssertionFailureBuilder.buildAndThrow(AssertionFailureBuilder.java:132)
	at org.junit.jupiter.api.AssertTrue.failNotTrue(AssertTrue.java:63)
	at org.junit.jupiter.api.AssertTrue.assertTrue(AssertTrue.java:36)
	at org.junit.jupiter.api.Assertions.assertTrue(Assertions.java:214)
	at com.mycompany.login1.TestPart3.testDeleteMessagesByHash(TestPart3.java:100)
	at java.base/java.lang.reflect.Method.invoke(Method.java:565)
	at java.base/java.util.ArrayList.forEach(ArrayList.java:1604)
	at java.base/java.util.ArrayList.forEach(ArrayList.java:1604)
]]></failure>
  </testcase>
</testsuite>